<?xml version="1.0" encoding="UTF-8"?>
<!-- Generated by org.testng.reporters.JUnitReportReporter -->
<testsuite skipped="0" hostname="YPTEMP04LT" name="TestNG_Programs.TestNgFeatures" tests="1" failures="0" timestamp="21 Apr 2019 11:41:34 GMT" time="0.001" errors="0">
  <testcase name="loginTest" time="0.001" classname="TestNG_Programs.TestNgFeatures"/>
</testsuite> <!-- TestNG_Programs.TestNgFeatures -->
