<?xml version="1.0" encoding="UTF-8"?>
<!-- Generated by org.testng.reporters.JUnitReportReporter -->
<testsuite skipped="0" hostname="YPTEMP04LT" name="TestNG_Programs.GoogleTitleTest" tests="2" failures="0" timestamp="21 Apr 2019 11:41:34 GMT" time="20.351" errors="0">
  <testcase name="ImageTest" time="8.241" classname="TestNG_Programs.GoogleTitleTest"/>
  <testcase name="TitleTest" time="12.110" classname="TestNG_Programs.GoogleTitleTest"/>
</testsuite> <!-- TestNG_Programs.GoogleTitleTest -->
