<?xml version="1.0" encoding="UTF-8"?>
<!-- Generated by org.testng.reporters.JUnitReportReporter -->
<testsuite skipped="0" hostname="YPTEMP04LT" name="TestNG_Programs.InvocationCountTest" tests="10" failures="0" timestamp="21 Apr 2019 11:41:34 GMT" time="0.009" errors="0">
  <testcase name="sum" time="0.004" classname="TestNG_Programs.InvocationCountTest"/>
  <testcase name="sum" time="0.001" classname="TestNG_Programs.InvocationCountTest"/>
  <testcase name="sum" time="0.000" classname="TestNG_Programs.InvocationCountTest"/>
  <testcase name="sum" time="0.000" classname="TestNG_Programs.InvocationCountTest"/>
  <testcase name="sum" time="0.000" classname="TestNG_Programs.InvocationCountTest"/>
  <testcase name="sum" time="0.000" classname="TestNG_Programs.InvocationCountTest"/>
  <testcase name="sum" time="0.000" classname="TestNG_Programs.InvocationCountTest"/>
  <testcase name="sum" time="0.002" classname="TestNG_Programs.InvocationCountTest"/>
  <testcase name="sum" time="0.001" classname="TestNG_Programs.InvocationCountTest"/>
  <testcase name="sum" time="0.001" classname="TestNG_Programs.InvocationCountTest"/>
</testsuite> <!-- TestNG_Programs.InvocationCountTest -->
