<?xml version="1.0" encoding="UTF-8"?>
<!-- Generated by org.testng.reporters.JUnitReportReporter -->
<testsuite skipped="0" hostname="YPTEMP04LT" name="TestNG_Programs.GoogleTest" tests="6" failures="0" timestamp="21 Apr 2019 10:41:11 GMT" time="39.719" errors="0">
  <testcase name="googleTitleTest" time="6.111" classname="TestNG_Programs.GoogleTest"/>
  <testcase name="mailLinkTest" time="7.622" classname="TestNG_Programs.GoogleTest"/>
  <testcase name="googleImageTest" time="6.379" classname="TestNG_Programs.GoogleTest"/>
  <testcase name="test1" time="5.913" classname="TestNG_Programs.GoogleTest"/>
  <testcase name="test2" time="7.820" classname="TestNG_Programs.GoogleTest"/>
  <testcase name="test3" time="5.874" classname="TestNG_Programs.GoogleTest"/>
</testsuite> <!-- TestNG_Programs.GoogleTest -->
